{"/Users/jhms/Documents/PROYECTOS/REACTJS/DEMOS/06-SHOPPING-CART/prueba-tecnica-utp/src/features/products/api/productsApi.ts": {"path":"/Users/jhms/Documents/PROYECTOS/REACTJS/DEMOS/06-SHOPPING-CART/prueba-tecnica-utp/src/features/products/api/productsApi.ts","statementMap":{"0":{"start":{"line":3,"column":17},"end":{"line":3,"column":null}},"1":{"start":{"line":5,"column":28},"end":{"line":12,"column":null}},"2":{"start":{"line":6,"column":21},"end":{"line":6,"column":null}},"3":{"start":{"line":7,"column":4},"end":{"line":9,"column":null}},"4":{"start":{"line":8,"column":8},"end":{"line":8,"column":null}},"5":{"start":{"line":10,"column":35},"end":{"line":10,"column":null}},"6":{"start":{"line":11,"column":4},"end":{"line":11,"column":null}},"7":{"start":{"line":14,"column":31},"end":{"line":21,"column":null}},"8":{"start":{"line":15,"column":21},"end":{"line":15,"column":null}},"9":{"start":{"line":16,"column":4},"end":{"line":18,"column":null}},"10":{"start":{"line":17,"column":8},"end":{"line":17,"column":null}},"11":{"start":{"line":19,"column":33},"end":{"line":19,"column":null}},"12":{"start":{"line":20,"column":4},"end":{"line":20,"column":null}}},"fnMap":{"0":{"name":"(anonymous_0)","decl":{"start":{"line":5,"column":28},"end":{"line":5,"column":64}},"loc":{"start":{"line":5,"column":64},"end":{"line":12,"column":null}},"line":5},"1":{"name":"(anonymous_1)","decl":{"start":{"line":14,"column":31},"end":{"line":14,"column":38}},"loc":{"start":{"line":14,"column":75},"end":{"line":21,"column":null}},"line":14}},"branchMap":{"0":{"loc":{"start":{"line":7,"column":4},"end":{"line":9,"column":null}},"type":"if","locations":[{"start":{"line":7,"column":4},"end":{"line":9,"column":null}},{"start":{},"end":{}}],"line":7},"1":{"loc":{"start":{"line":16,"column":4},"end":{"line":18,"column":null}},"type":"if","locations":[{"start":{"line":16,"column":4},"end":{"line":18,"column":null}},{"start":{},"end":{}}],"line":16}},"s":{"0":1,"1":1,"2":0,"3":0,"4":0,"5":0,"6":0,"7":1,"8":0,"9":0,"10":0,"11":0,"12":0},"f":{"0":0,"1":0},"b":{"0":[0,0],"1":[0,0]},"meta":{"lastBranch":2,"lastFunction":2,"lastStatement":13,"seen":{"s:3:17:3:Infinity":0,"s:5:28:12:Infinity":1,"f:5:28:5:64":0,"s:6:21:6:Infinity":2,"b:7:4:9:Infinity:undefined:undefined:undefined:undefined":0,"s:7:4:9:Infinity":3,"s:8:8:8:Infinity":4,"s:10:35:10:Infinity":5,"s:11:4:11:Infinity":6,"s:14:31:21:Infinity":7,"f:14:31:14:38":1,"s:15:21:15:Infinity":8,"b:16:4:18:Infinity:undefined:undefined:undefined:undefined":1,"s:16:4:18:Infinity":9,"s:17:8:17:Infinity":10,"s:19:33:19:Infinity":11,"s:20:4:20:Infinity":12}}}
,"/Users/jhms/Documents/PROYECTOS/REACTJS/DEMOS/06-SHOPPING-CART/prueba-tecnica-utp/src/features/products/components/ProductCard.tsx": {"path":"/Users/jhms/Documents/PROYECTOS/REACTJS/DEMOS/06-SHOPPING-CART/prueba-tecnica-utp/src/features/products/components/ProductCard.tsx","statementMap":{"0":{"start":{"line":13,"column":69},"end":{"line":13,"column":null}},"1":{"start":{"line":21,"column":4},"end":{"line":21,"column":null}},"2":{"start":{"line":23,"column":4},"end":{"line":96,"column":null}},"3":{"start":{"line":54,"column":39},"end":{"line":54,"column":null}}},"fnMap":{"0":{"name":"ProductCard","decl":{"start":{"line":12,"column":16},"end":{"line":12,"column":28}},"loc":{"start":{"line":12,"column":59},"end":{"line":98,"column":null}},"line":12},"1":{"name":"(anonymous_1)","decl":{"start":{"line":54,"column":33},"end":{"line":54,"column":39}},"loc":{"start":{"line":54,"column":39},"end":{"line":54,"column":null}},"line":54}},"branchMap":{"0":{"loc":{"start":{"line":32,"column":21},"end":{"line":35,"column":null}},"type":"binary-expr","locations":[{"start":{"line":32,"column":21},"end":{"line":32,"column":null}},{"start":{"line":33,"column":24},"end":{"line":35,"column":null}}],"line":32},"1":{"loc":{"start":{"line":44,"column":21},"end":{"line":47,"column":null}},"type":"binary-expr","locations":[{"start":{"line":44,"column":21},"end":{"line":44,"column":null}},{"start":{"line":45,"column":24},"end":{"line":47,"column":null}}],"line":44},"2":{"loc":{"start":{"line":59,"column":33},"end":{"line":59,"column":null}},"type":"cond-expr","locations":[{"start":{"line":59,"column":42},"end":{"line":59,"column":56}},{"start":{"line":59,"column":56},"end":{"line":59,"column":null}}],"line":59},"3":{"loc":{"start":{"line":63,"column":25},"end":{"line":70,"column":null}},"type":"cond-expr","locations":[{"start":{"line":64,"column":28},"end":{"line":66,"column":null}},{"start":{"line":68,"column":28},"end":{"line":70,"column":null}}],"line":63},"4":{"loc":{"start":{"line":84,"column":23},"end":{"line":84,"column":null}},"type":"cond-expr","locations":[{"start":{"line":84,"column":46},"end":{"line":84,"column":69}},{"start":{"line":84,"column":69},"end":{"line":84,"column":null}}],"line":84},"5":{"loc":{"start":{"line":86,"column":20},"end":{"line":88,"column":null}},"type":"cond-expr","locations":[{"start":{"line":87,"column":26},"end":{"line":87,"column":null}},{"start":{"line":88,"column":26},"end":{"line":88,"column":null}}],"line":86},"6":{"loc":{"start":{"line":92,"column":29},"end":{"line":92,"column":null}},"type":"cond-expr","locations":[{"start":{"line":92,"column":52},"end":{"line":92,"column":64}},{"start":{"line":92,"column":64},"end":{"line":92,"column":null}}],"line":92},"7":{"loc":{"start":{"line":94,"column":22},"end":{"line":94,"column":null}},"type":"cond-expr","locations":[{"start":{"line":94,"column":45},"end":{"line":94,"column":57}},{"start":{"line":94,"column":57},"end":{"line":94,"column":null}}],"line":94}},"s":{"0":22,"1":22,"2":22,"3":1},"f":{"0":22,"1":1},"b":{"0":[22,21],"1":[22,21],"2":[6,16],"3":[6,16],"4":[19,3],"5":[19,3],"6":[19,3],"7":[19,3]},"meta":{"lastBranch":8,"lastFunction":2,"lastStatement":4,"seen":{"f:12:16:12:28":0,"s:13:69:13:Infinity":0,"s:21:4:21:Infinity":1,"s:23:4:96:Infinity":2,"b:32:21:32:Infinity:33:24:35:Infinity":0,"b:44:21:44:Infinity:45:24:47:Infinity":1,"f:54:33:54:39":1,"s:54:39:54:Infinity":3,"b:59:42:59:56:59:56:59:Infinity":2,"b:64:28:66:Infinity:68:28:70:Infinity":3,"b:84:46:84:69:84:69:84:Infinity":4,"b:87:26:87:Infinity:88:26:88:Infinity":5,"b:92:52:92:64:92:64:92:Infinity":6,"b:94:45:94:57:94:57:94:Infinity":7}}}
,"/Users/jhms/Documents/PROYECTOS/REACTJS/DEMOS/06-SHOPPING-CART/prueba-tecnica-utp/src/features/products/context/ProductContext.tsx": {"path":"/Users/jhms/Documents/PROYECTOS/REACTJS/DEMOS/06-SHOPPING-CART/prueba-tecnica-utp/src/features/products/context/ProductContext.tsx","statementMap":{"0":{"start":{"line":10,"column":10},"end":{"line":10,"column":null}},"1":{"start":{"line":13,"column":32},"end":{"line":13,"column":null}},"2":{"start":{"line":14,"column":30},"end":{"line":14,"column":null}},"3":{"start":{"line":15,"column":26},"end":{"line":15,"column":null}},"4":{"start":{"line":17,"column":4},"end":{"line":31,"column":null}},"5":{"start":{"line":19,"column":8},"end":{"line":28,"column":null}},"6":{"start":{"line":20,"column":12},"end":{"line":20,"column":null}},"7":{"start":{"line":21,"column":25},"end":{"line":21,"column":null}},"8":{"start":{"line":22,"column":12},"end":{"line":22,"column":null}},"9":{"start":{"line":24,"column":33},"end":{"line":24,"column":null}},"10":{"start":{"line":25,"column":12},"end":{"line":25,"column":null}},"11":{"start":{"line":27,"column":12},"end":{"line":27,"column":null}},"12":{"start":{"line":30,"column":8},"end":{"line":30,"column":null}},"13":{"start":{"line":33,"column":4},"end":{"line":36,"column":null}}},"fnMap":{"0":{"name":"ProductsProvider","decl":{"start":{"line":12,"column":20},"end":{"line":12,"column":37}},"loc":{"start":{"line":12,"column":82},"end":{"line":38,"column":null}},"line":12},"1":{"name":"(anonymous_1)","decl":{"start":{"line":17,"column":14},"end":{"line":17,"column":20}},"loc":{"start":{"line":17,"column":20},"end":{"line":31,"column":7}},"line":17},"2":{"name":"loadProducts","decl":{"start":{"line":18,"column":23},"end":{"line":18,"column":38}},"loc":{"start":{"line":18,"column":38},"end":{"line":29,"column":null}},"line":18}},"branchMap":{"0":{"loc":{"start":{"line":24,"column":33},"end":{"line":24,"column":null}},"type":"cond-expr","locations":[{"start":{"line":24,"column":56},"end":{"line":24,"column":70}},{"start":{"line":24,"column":70},"end":{"line":24,"column":null}}],"line":24}},"s":{"0":1,"1":0,"2":0,"3":0,"4":0,"5":0,"6":0,"7":0,"8":0,"9":0,"10":0,"11":0,"12":0,"13":0},"f":{"0":0,"1":0,"2":0},"b":{"0":[0,0]},"meta":{"lastBranch":1,"lastFunction":3,"lastStatement":14,"seen":{"s:10:10:10:Infinity":0,"f:12:20:12:37":0,"s:13:32:13:Infinity":1,"s:14:30:14:Infinity":2,"s:15:26:15:Infinity":3,"s:17:4:31:Infinity":4,"f:17:14:17:20":1,"f:18:23:18:38":2,"s:19:8:28:Infinity":5,"s:20:12:20:Infinity":6,"s:21:25:21:Infinity":7,"s:22:12:22:Infinity":8,"s:24:33:24:Infinity":9,"b:24:56:24:70:24:70:24:Infinity":0,"s:25:12:25:Infinity":10,"s:27:12:27:Infinity":11,"s:30:8:30:Infinity":12,"s:33:4:36:Infinity":13}}}
,"/Users/jhms/Documents/PROYECTOS/REACTJS/DEMOS/06-SHOPPING-CART/prueba-tecnica-utp/src/features/products/hooks/index.ts": {"path":"/Users/jhms/Documents/PROYECTOS/REACTJS/DEMOS/06-SHOPPING-CART/prueba-tecnica-utp/src/features/products/hooks/index.ts","statementMap":{},"fnMap":{},"branchMap":{},"s":{},"f":{},"b":{},"meta":{"lastBranch":0,"lastFunction":0,"lastStatement":0,"seen":{}}}
,"/Users/jhms/Documents/PROYECTOS/REACTJS/DEMOS/06-SHOPPING-CART/prueba-tecnica-utp/src/features/products/hooks/useProductCartAction.ts": {"path":"/Users/jhms/Documents/PROYECTOS/REACTJS/DEMOS/06-SHOPPING-CART/prueba-tecnica-utp/src/features/products/hooks/useProductCartAction.ts","statementMap":{"0":{"start":{"line":9,"column":48},"end":{"line":9,"column":null}},"1":{"start":{"line":10,"column":42},"end":{"line":10,"column":null}},"2":{"start":{"line":11,"column":36},"end":{"line":11,"column":null}},"3":{"start":{"line":13,"column":19},"end":{"line":13,"column":null}},"4":{"start":{"line":15,"column":29},"end":{"line":23,"column":null}},"5":{"start":{"line":16,"column":8},"end":{"line":22,"column":null}},"6":{"start":{"line":17,"column":12},"end":{"line":17,"column":null}},"7":{"start":{"line":18,"column":12},"end":{"line":18,"column":null}},"8":{"start":{"line":20,"column":12},"end":{"line":20,"column":null}},"9":{"start":{"line":21,"column":12},"end":{"line":21,"column":null}},"10":{"start":{"line":25,"column":26},"end":{"line":32,"column":null}},"11":{"start":{"line":26,"column":8},"end":{"line":30,"column":null}},"12":{"start":{"line":27,"column":12},"end":{"line":27,"column":null}},"13":{"start":{"line":29,"column":12},"end":{"line":29,"column":null}},"14":{"start":{"line":31,"column":8},"end":{"line":31,"column":null}},"15":{"start":{"line":34,"column":25},"end":{"line":36,"column":null}},"16":{"start":{"line":35,"column":8},"end":{"line":35,"column":null}},"17":{"start":{"line":38,"column":4},"end":{"line":45,"column":null}}},"fnMap":{"0":{"name":"useProductCartAction","decl":{"start":{"line":8,"column":16},"end":{"line":8,"column":37}},"loc":{"start":{"line":8,"column":59},"end":{"line":46,"column":null}},"line":8},"1":{"name":"(anonymous_1)","decl":{"start":{"line":15,"column":29},"end":{"line":15,"column":35}},"loc":{"start":{"line":15,"column":35},"end":{"line":23,"column":null}},"line":15},"2":{"name":"(anonymous_2)","decl":{"start":{"line":25,"column":26},"end":{"line":25,"column":32}},"loc":{"start":{"line":25,"column":32},"end":{"line":32,"column":null}},"line":25},"3":{"name":"(anonymous_3)","decl":{"start":{"line":34,"column":25},"end":{"line":34,"column":31}},"loc":{"start":{"line":34,"column":31},"end":{"line":36,"column":null}},"line":34}},"branchMap":{"0":{"loc":{"start":{"line":16,"column":8},"end":{"line":22,"column":null}},"type":"if","locations":[{"start":{"line":16,"column":8},"end":{"line":22,"column":null}},{"start":{"line":19,"column":15},"end":{"line":22,"column":null}}],"line":16},"1":{"loc":{"start":{"line":26,"column":8},"end":{"line":30,"column":null}},"type":"if","locations":[{"start":{"line":26,"column":8},"end":{"line":30,"column":null}},{"start":{"line":28,"column":15},"end":{"line":30,"column":null}}],"line":26}},"s":{"0":22,"1":22,"2":22,"3":22,"4":22,"5":5,"6":2,"7":2,"8":3,"9":3,"10":22,"11":2,"12":1,"13":1,"14":2,"15":22,"16":1,"17":22},"f":{"0":22,"1":5,"2":2,"3":1},"b":{"0":[2,3],"1":[1,1]},"meta":{"lastBranch":2,"lastFunction":4,"lastStatement":18,"seen":{"f:8:16:8:37":0,"s:9:48:9:Infinity":0,"s:10:42:10:Infinity":1,"s:11:36:11:Infinity":2,"s:13:19:13:Infinity":3,"s:15:29:23:Infinity":4,"f:15:29:15:35":1,"b:16:8:22:Infinity:19:15:22:Infinity":0,"s:16:8:22:Infinity":5,"s:17:12:17:Infinity":6,"s:18:12:18:Infinity":7,"s:20:12:20:Infinity":8,"s:21:12:21:Infinity":9,"s:25:26:32:Infinity":10,"f:25:26:25:32":2,"b:26:8:30:Infinity:28:15:30:Infinity":1,"s:26:8:30:Infinity":11,"s:27:12:27:Infinity":12,"s:29:12:29:Infinity":13,"s:31:8:31:Infinity":14,"s:34:25:36:Infinity":15,"f:34:25:34:31":3,"s:35:8:35:Infinity":16,"s:38:4:45:Infinity":17}}}
,"/Users/jhms/Documents/PROYECTOS/REACTJS/DEMOS/06-SHOPPING-CART/prueba-tecnica-utp/src/features/products/hooks/useProductDetail.ts": {"path":"/Users/jhms/Documents/PROYECTOS/REACTJS/DEMOS/06-SHOPPING-CART/prueba-tecnica-utp/src/features/products/hooks/useProductDetail.ts","statementMap":{"0":{"start":{"line":7,"column":40},"end":{"line":7,"column":null}},"1":{"start":{"line":8,"column":50},"end":{"line":8,"column":null}},"2":{"start":{"line":10,"column":23},"end":{"line":13,"column":null}},"3":{"start":{"line":11,"column":8},"end":{"line":11,"column":null}},"4":{"start":{"line":12,"column":8},"end":{"line":12,"column":null}},"5":{"start":{"line":15,"column":24},"end":{"line":18,"column":null}},"6":{"start":{"line":16,"column":8},"end":{"line":16,"column":null}},"7":{"start":{"line":17,"column":8},"end":{"line":17,"column":null}},"8":{"start":{"line":20,"column":4},"end":{"line":25,"column":null}}},"fnMap":{"0":{"name":"useProductDetail","decl":{"start":{"line":6,"column":16},"end":{"line":6,"column":35}},"loc":{"start":{"line":6,"column":35},"end":{"line":26,"column":null}},"line":6},"1":{"name":"(anonymous_1)","decl":{"start":{"line":10,"column":23},"end":{"line":10,"column":24}},"loc":{"start":{"line":10,"column":46},"end":{"line":13,"column":null}},"line":10},"2":{"name":"(anonymous_2)","decl":{"start":{"line":15,"column":24},"end":{"line":15,"column":30}},"loc":{"start":{"line":15,"column":30},"end":{"line":18,"column":null}},"line":15}},"branchMap":{},"s":{"0":22,"1":22,"2":22,"3":1,"4":1,"5":22,"6":0,"7":0,"8":22},"f":{"0":22,"1":1,"2":0},"b":{},"meta":{"lastBranch":0,"lastFunction":3,"lastStatement":9,"seen":{"f:6:16:6:35":0,"s:7:40:7:Infinity":0,"s:8:50:8:Infinity":1,"s:10:23:13:Infinity":2,"f:10:23:10:24":1,"s:11:8:11:Infinity":3,"s:12:8:12:Infinity":4,"s:15:24:18:Infinity":5,"f:15:24:15:30":2,"s:16:8:16:Infinity":6,"s:17:8:17:Infinity":7,"s:20:4:25:Infinity":8}}}
,"/Users/jhms/Documents/PROYECTOS/REACTJS/DEMOS/06-SHOPPING-CART/prueba-tecnica-utp/src/features/products/hooks/useProducts.ts": {"path":"/Users/jhms/Documents/PROYECTOS/REACTJS/DEMOS/06-SHOPPING-CART/prueba-tecnica-utp/src/features/products/hooks/useProducts.ts","statementMap":{"0":{"start":{"line":5,"column":10},"end":{"line":5,"column":null}},"1":{"start":{"line":7,"column":4},"end":{"line":9,"column":null}},"2":{"start":{"line":8,"column":8},"end":{"line":8,"column":null}},"3":{"start":{"line":11,"column":4},"end":{"line":11,"column":null}}},"fnMap":{"0":{"name":"useProducts","decl":{"start":{"line":4,"column":16},"end":{"line":4,"column":30}},"loc":{"start":{"line":4,"column":30},"end":{"line":12,"column":null}},"line":4}},"branchMap":{"0":{"loc":{"start":{"line":7,"column":4},"end":{"line":9,"column":null}},"type":"if","locations":[{"start":{"line":7,"column":4},"end":{"line":9,"column":null}},{"start":{},"end":{}}],"line":7}},"s":{"0":0,"1":0,"2":0,"3":0},"f":{"0":0},"b":{"0":[0,0]},"meta":{"lastBranch":1,"lastFunction":1,"lastStatement":4,"seen":{"f:4:16:4:30":0,"s:5:10:5:Infinity":0,"b:7:4:9:Infinity:undefined:undefined:undefined:undefined":0,"s:7:4:9:Infinity":1,"s:8:8:8:Infinity":2,"s:11:4:11:Infinity":3}}}
,"/Users/jhms/Documents/PROYECTOS/REACTJS/DEMOS/06-SHOPPING-CART/prueba-tecnica-utp/src/features/products/use-cases/fetchProductById.ts": {"path":"/Users/jhms/Documents/PROYECTOS/REACTJS/DEMOS/06-SHOPPING-CART/prueba-tecnica-utp/src/features/products/use-cases/fetchProductById.ts","statementMap":{"0":{"start":{"line":5,"column":4},"end":{"line":11,"column":null}},"1":{"start":{"line":6,"column":24},"end":{"line":6,"column":null}},"2":{"start":{"line":7,"column":8},"end":{"line":7,"column":null}},"3":{"start":{"line":9,"column":8},"end":{"line":9,"column":null}},"4":{"start":{"line":10,"column":8},"end":{"line":10,"column":null}}},"fnMap":{"0":{"name":"fetchProductById","decl":{"start":{"line":4,"column":22},"end":{"line":4,"column":39}},"loc":{"start":{"line":4,"column":73},"end":{"line":12,"column":null}},"line":4}},"branchMap":{},"s":{"0":0,"1":0,"2":0,"3":0,"4":0},"f":{"0":0},"b":{},"meta":{"lastBranch":0,"lastFunction":1,"lastStatement":5,"seen":{"f:4:22:4:39":0,"s:5:4:11:Infinity":0,"s:6:24:6:Infinity":1,"s:7:8:7:Infinity":2,"s:9:8:9:Infinity":3,"s:10:8:10:Infinity":4}}}
,"/Users/jhms/Documents/PROYECTOS/REACTJS/DEMOS/06-SHOPPING-CART/prueba-tecnica-utp/src/features/products/use-cases/fetchProducts.ts": {"path":"/Users/jhms/Documents/PROYECTOS/REACTJS/DEMOS/06-SHOPPING-CART/prueba-tecnica-utp/src/features/products/use-cases/fetchProducts.ts","statementMap":{"0":{"start":{"line":5,"column":4},"end":{"line":11,"column":null}},"1":{"start":{"line":6,"column":25},"end":{"line":6,"column":null}},"2":{"start":{"line":7,"column":8},"end":{"line":7,"column":null}},"3":{"start":{"line":9,"column":8},"end":{"line":9,"column":null}},"4":{"start":{"line":10,"column":8},"end":{"line":10,"column":null}}},"fnMap":{"0":{"name":"fetchProducts","decl":{"start":{"line":4,"column":22},"end":{"line":4,"column":62}},"loc":{"start":{"line":4,"column":62},"end":{"line":12,"column":null}},"line":4}},"branchMap":{},"s":{"0":0,"1":0,"2":0,"3":0,"4":0},"f":{"0":0},"b":{},"meta":{"lastBranch":0,"lastFunction":1,"lastStatement":5,"seen":{"f:4:22:4:62":0,"s:5:4:11:Infinity":0,"s:6:25:6:Infinity":1,"s:7:8:7:Infinity":2,"s:9:8:9:Infinity":3,"s:10:8:10:Infinity":4}}}
,"/Users/jhms/Documents/PROYECTOS/REACTJS/DEMOS/06-SHOPPING-CART/prueba-tecnica-utp/src/features/products/use-cases/index.ts": {"path":"/Users/jhms/Documents/PROYECTOS/REACTJS/DEMOS/06-SHOPPING-CART/prueba-tecnica-utp/src/features/products/use-cases/index.ts","statementMap":{},"fnMap":{},"branchMap":{},"s":{},"f":{},"b":{},"meta":{"lastBranch":0,"lastFunction":0,"lastStatement":0,"seen":{}}}
,"/Users/jhms/Documents/PROYECTOS/REACTJS/DEMOS/06-SHOPPING-CART/prueba-tecnica-utp/src/shared/ui/Buttons.tsx": {"path":"/Users/jhms/Documents/PROYECTOS/REACTJS/DEMOS/06-SHOPPING-CART/prueba-tecnica-utp/src/shared/ui/Buttons.tsx","statementMap":{"0":{"start":{"line":17,"column":23},"end":{"line":17,"column":null}},"1":{"start":{"line":18,"column":26},"end":{"line":23,"column":null}},"2":{"start":{"line":24,"column":23},"end":{"line":28,"column":null}},"3":{"start":{"line":30,"column":28},"end":{"line":30,"column":null}},"4":{"start":{"line":31,"column":4},"end":{"line":37,"column":null}}},"fnMap":{"0":{"name":"Button","decl":{"start":{"line":9,"column":16},"end":{"line":9,"column":23}},"loc":{"start":{"line":15,"column":17},"end":{"line":39,"column":null}},"line":15}},"branchMap":{"0":{"loc":{"start":{"line":12,"column":4},"end":{"line":12,"column":null}},"type":"default-arg","locations":[{"start":{"line":12,"column":14},"end":{"line":12,"column":null}}],"line":12},"1":{"loc":{"start":{"line":13,"column":4},"end":{"line":13,"column":null}},"type":"default-arg","locations":[{"start":{"line":13,"column":11},"end":{"line":13,"column":null}}],"line":13},"2":{"loc":{"start":{"line":14,"column":4},"end":{"line":14,"column":null}},"type":"default-arg","locations":[{"start":{"line":14,"column":16},"end":{"line":14,"column":null}}],"line":14}},"s":{"0":44,"1":44,"2":44,"3":44,"4":44},"f":{"0":44},"b":{"0":[44],"1":[44],"2":[44]},"meta":{"lastBranch":3,"lastFunction":1,"lastStatement":5,"seen":{"f:9:16:9:23":0,"b:12:14:12:Infinity":0,"b:13:11:13:Infinity":1,"b:14:16:14:Infinity":2,"s:17:23:17:Infinity":0,"s:18:26:23:Infinity":1,"s:24:23:28:Infinity":2,"s:30:28:30:Infinity":3,"s:31:4:37:Infinity":4}}}
,"/Users/jhms/Documents/PROYECTOS/REACTJS/DEMOS/06-SHOPPING-CART/prueba-tecnica-utp/src/shared/ui/Icons.tsx": {"path":"/Users/jhms/Documents/PROYECTOS/REACTJS/DEMOS/06-SHOPPING-CART/prueba-tecnica-utp/src/shared/ui/Icons.tsx","statementMap":{"0":{"start":{"line":20,"column":2},"end":{"line":23,"column":null}},"1":{"start":{"line":28,"column":2},"end":{"line":36,"column":null}},"2":{"start":{"line":41,"column":2},"end":{"line":50,"column":null}},"3":{"start":{"line":55,"column":2},"end":{"line":63,"column":null}},"4":{"start":{"line":68,"column":2},"end":{"line":75,"column":null}},"5":{"start":{"line":80,"column":2},"end":{"line":85,"column":null}},"6":{"start":{"line":90,"column":2},"end":{"line":94,"column":null}},"7":{"start":{"line":99,"column":2},"end":{"line":103,"column":null}},"8":{"start":{"line":108,"column":2},"end":{"line":113,"column":null}},"9":{"start":{"line":118,"column":2},"end":{"line":123,"column":null}},"10":{"start":{"line":128,"column":2},"end":{"line":133,"column":null}}},"fnMap":{"0":{"name":"BaseIcon","decl":{"start":{"line":11,"column":9},"end":{"line":11,"column":19}},"loc":{"start":{"line":19,"column":46},"end":{"line":25,"column":null}},"line":19},"1":{"name":"AddToCartIcon","decl":{"start":{"line":27,"column":16},"end":{"line":27,"column":31}},"loc":{"start":{"line":27,"column":99},"end":{"line":38,"column":null}},"line":27},"2":{"name":"RemoveFromCartIcon","decl":{"start":{"line":40,"column":16},"end":{"line":40,"column":36}},"loc":{"start":{"line":40,"column":104},"end":{"line":52,"column":null}},"line":40},"3":{"name":"ClearCartIcon","decl":{"start":{"line":54,"column":16},"end":{"line":54,"column":31}},"loc":{"start":{"line":54,"column":99},"end":{"line":65,"column":null}},"line":54},"4":{"name":"CartIcon","decl":{"start":{"line":67,"column":16},"end":{"line":67,"column":26}},"loc":{"start":{"line":67,"column":94},"end":{"line":77,"column":null}},"line":67},"5":{"name":"ShoppingBagIcon","decl":{"start":{"line":79,"column":16},"end":{"line":79,"column":33}},"loc":{"start":{"line":79,"column":101},"end":{"line":87,"column":null}},"line":79},"6":{"name":"WishlistIcon","decl":{"start":{"line":89,"column":16},"end":{"line":89,"column":30}},"loc":{"start":{"line":89,"column":98},"end":{"line":96,"column":null}},"line":89},"7":{"name":"WishlistFilledIcon","decl":{"start":{"line":98,"column":16},"end":{"line":98,"column":36}},"loc":{"start":{"line":98,"column":104},"end":{"line":105,"column":null}},"line":98},"8":{"name":"SearchIcon","decl":{"start":{"line":107,"column":16},"end":{"line":107,"column":28}},"loc":{"start":{"line":107,"column":96},"end":{"line":115,"column":null}},"line":107},"9":{"name":"CloseIcon","decl":{"start":{"line":117,"column":16},"end":{"line":117,"column":27}},"loc":{"start":{"line":117,"column":95},"end":{"line":125,"column":null}},"line":117},"10":{"name":"PreviewIcon","decl":{"start":{"line":127,"column":16},"end":{"line":127,"column":29}},"loc":{"start":{"line":127,"column":97},"end":{"line":135,"column":null}},"line":127}},"branchMap":{"0":{"loc":{"start":{"line":12,"column":2},"end":{"line":12,"column":null}},"type":"default-arg","locations":[{"start":{"line":12,"column":10},"end":{"line":12,"column":null}}],"line":12},"1":{"loc":{"start":{"line":13,"column":2},"end":{"line":13,"column":null}},"type":"default-arg","locations":[{"start":{"line":13,"column":11},"end":{"line":13,"column":null}}],"line":13},"2":{"loc":{"start":{"line":14,"column":2},"end":{"line":14,"column":null}},"type":"default-arg","locations":[{"start":{"line":14,"column":9},"end":{"line":14,"column":null}}],"line":14},"3":{"loc":{"start":{"line":15,"column":2},"end":{"line":15,"column":null}},"type":"default-arg","locations":[{"start":{"line":15,"column":11},"end":{"line":15,"column":null}}],"line":15},"4":{"loc":{"start":{"line":16,"column":2},"end":{"line":16,"column":null}},"type":"default-arg","locations":[{"start":{"line":16,"column":16},"end":{"line":16,"column":null}}],"line":16},"5":{"loc":{"start":{"line":17,"column":2},"end":{"line":17,"column":null}},"type":"default-arg","locations":[{"start":{"line":17,"column":14},"end":{"line":17,"column":null}}],"line":17}},"s":{"0":44,"1":16,"2":6,"3":0,"4":0,"5":0,"6":0,"7":0,"8":0,"9":0,"10":22},"f":{"0":44,"1":16,"2":6,"3":0,"4":0,"5":0,"6":0,"7":0,"8":0,"9":0,"10":22},"b":{"0":[44],"1":[44],"2":[44],"3":[44],"4":[44],"5":[44]},"meta":{"lastBranch":6,"lastFunction":11,"lastStatement":11,"seen":{"f:11:9:11:19":0,"b:12:10:12:Infinity":0,"b:13:11:13:Infinity":1,"b:14:9:14:Infinity":2,"b:15:11:15:Infinity":3,"b:16:16:16:Infinity":4,"b:17:14:17:Infinity":5,"s:20:2:23:Infinity":0,"f:27:16:27:31":1,"s:28:2:36:Infinity":1,"f:40:16:40:36":2,"s:41:2:50:Infinity":2,"f:54:16:54:31":3,"s:55:2:63:Infinity":3,"f:67:16:67:26":4,"s:68:2:75:Infinity":4,"f:79:16:79:33":5,"s:80:2:85:Infinity":5,"f:89:16:89:30":6,"s:90:2:94:Infinity":6,"f:98:16:98:36":7,"s:99:2:103:Infinity":7,"f:107:16:107:28":8,"s:108:2:113:Infinity":8,"f:117:16:117:27":9,"s:118:2:123:Infinity":9,"f:127:16:127:29":10,"s:128:2:133:Infinity":10}}}
}
